0 info it worked if it ends with ok
1 verbose cli [ 'node', '/usr/local/bin/npm', 'install', 'compass@1.0.3' ]
2 info using npm@2.9.1
3 info using node@v0.12.3
4 verbose install initial load of /Users/parker/JGulp/package.json
5 warn package.json gulp-project@0.1.0 No repository field.
6 verbose installManyTop reading scoped package data from /Users/parker/JGulp/node_modules/compass/package.json
7 verbose installManyTop reading scoped package data from /Users/parker/JGulp/node_modules/gulp/package.json
8 verbose installManyTop reading scoped package data from /Users/parker/JGulp/node_modules/gulp-autoprefixer/package.json
9 verbose installManyTop reading scoped package data from /Users/parker/JGulp/node_modules/gulp-changed/package.json
10 verbose installManyTop reading scoped package data from /Users/parker/JGulp/node_modules/gulp-clean/package.json
11 verbose installManyTop reading scoped package data from /Users/parker/JGulp/node_modules/gulp-compass/package.json
12 verbose installManyTop reading scoped package data from /Users/parker/JGulp/node_modules/gulp-concat/package.json
13 verbose installManyTop reading scoped package data from /Users/parker/JGulp/node_modules/gulp-copy/package.json
14 verbose installManyTop reading scoped package data from /Users/parker/JGulp/node_modules/gulp-filter/package.json
15 verbose installManyTop reading scoped package data from /Users/parker/JGulp/node_modules/gulp-imagemin/package.json
16 verbose installManyTop reading scoped package data from /Users/parker/JGulp/node_modules/gulp-livereload/package.json
17 verbose installManyTop reading scoped package data from /Users/parker/JGulp/node_modules/gulp-plumber/package.json
18 verbose installManyTop reading scoped package data from /Users/parker/JGulp/node_modules/gulp-rename/package.json
19 verbose installManyTop reading scoped package data from /Users/parker/JGulp/node_modules/gulp-ruby-sass/package.json
20 verbose installManyTop reading scoped package data from /Users/parker/JGulp/node_modules/gulp-sass/package.json
21 verbose installManyTop reading scoped package data from /Users/parker/JGulp/node_modules/gulp-sftp/package.json
22 verbose installManyTop reading scoped package data from /Users/parker/JGulp/node_modules/gulp-sourcemaps/package.json
23 verbose installManyTop reading scoped package data from /Users/parker/JGulp/node_modules/gulp-tinypng/package.json
24 verbose installManyTop reading scoped package data from /Users/parker/JGulp/node_modules/gulp-uglify/package.json
25 verbose installManyTop reading scoped package data from /Users/parker/JGulp/node_modules/gulp-webserver/package.json
26 verbose installManyTop reading scoped package data from /Users/parker/JGulp/node_modules/gulp-zip/package.json
27 verbose installManyTop reading scoped package data from /Users/parker/JGulp/node_modules/imagemin-pngquant/package.json
28 verbose installManyTop reading scoped package data from /Users/parker/JGulp/node_modules/opn/package.json
29 verbose installManyTop reading scoped package data from /Users/parker/JGulp/node_modules/ruby/package.json
30 verbose installManyTop reading scoped package data from /Users/parker/JGulp/node_modules/sass/package.json
31 verbose installManyTop reading scoped package data from /Users/parker/JGulp/node_modules/tiny-lr/package.json
32 warn package.json sass@0.5.0 No repository field.
33 verbose readDependencies loading dependencies from /Users/parker/JGulp/package.json
34 silly cache add args [ 'compass@1.0.3', null ]
35 verbose cache add spec compass@1.0.3
36 silly cache add parsed spec { raw: 'compass@1.0.3',
36 silly cache add   scope: null,
36 silly cache add   name: 'compass',
36 silly cache add   rawSpec: '1.0.3',
36 silly cache add   spec: '1.0.3',
36 silly cache add   type: 'version' }
37 silly addNamed compass@1.0.3
38 verbose addNamed "1.0.3" is a plain semver version for compass
39 silly mapToRegistry name compass
40 silly mapToRegistry using default registry
41 silly mapToRegistry registry https://registry.npmjs.org/
42 silly mapToRegistry uri https://registry.npmjs.org/compass
43 verbose addNameVersion registry:https://registry.npmjs.org/compass not in flight; fetching
44 verbose get https://registry.npmjs.org/compass not expired, no request
45 verbose stack Error: version not found: compass@1.0.3
45 verbose stack     at setData (/usr/local/lib/node_modules/npm/lib/cache/add-named.js:125:12)
45 verbose stack     at RES (/usr/local/lib/node_modules/npm/node_modules/inflight/inflight.js:23:14)
45 verbose stack     at f (/usr/local/lib/node_modules/npm/node_modules/once/once.js:17:25)
45 verbose stack     at CachingRegistryClient.get_ (/usr/local/lib/node_modules/npm/lib/cache/caching-client.js:125:16)
45 verbose stack     at /usr/local/lib/node_modules/npm/lib/cache/caching-client.js:91:14
45 verbose stack     at evalmachine.<anonymous>:334:14
45 verbose stack     at /usr/local/lib/node_modules/npm/node_modules/graceful-fs/graceful-fs.js:102:5
45 verbose stack     at FSReqWrap.oncomplete (evalmachine.<anonymous>:95:15)
46 verbose statusCode 404
47 verbose cwd /Users/parker/JGulp
48 error Darwin 14.3.0
49 error argv "node" "/usr/local/bin/npm" "install" "compass@1.0.3"
50 error node v0.12.3
51 error npm  v2.9.1
52 error version not found: compass@1.0.3
53 error If you need help, you may report this error at:
53 error     <https://github.com/npm/npm/issues>
54 verbose exit [ 1, true ]
